Build started 9/8/2015 9:01:46 AM.
     1>Project "C:\Users\riki\Documents\GitHub\VideoCaptureUtility\VideoCaptureUtility\videoInput-2014-Stable\videoInputSrcAndDemos\VS-videoInputcompileAsLib\videoInput.vcxproj" on node 2 (Rebuild target(s)).
     1>ClCompile:
         C:\Program Files (x86)\Microsoft Visual Studio 12.0\VC\bin\CL.exe /c /I..\libs\videoInput /Isrc /IrequiredLibs /ZI /nologo /W3 /WX- /Od /Oy- /D WIN32 /D _LIB /D _ITERATOR_DEBUG_LEVEL=0 /D _UNICODE /D UNICODE /Gm /EHsc /RTC1 /MD /GS /fp:precise /Zc:wchar_t /Zc:forScope /Fo"Debug\\" /Fd"Debug\vc120.pdb" /Gd /TP /analyze- /errorReport:prompt ..\libs\videoInput\videoInput.cpp
         videoInput.cpp
     1>c:\users\riki\documents\github\videocaptureutility\videocaptureutility\videoinput-2014-stable\videoinputsrcanddemos\libs\videoinput\videoinput.cpp(363): warning C4244: '=' : conversion from 'WCHAR' to 'char', possible loss of data
     1>c:\users\riki\documents\github\videocaptureutility\videocaptureutility\videoinput-2014-stable\videoinputsrcanddemos\libs\videoinput\videoinput.cpp(890): warning C4244: '=' : conversion from 'OLECHAR' to 'char', possible loss of data
     1>c:\users\riki\documents\github\videocaptureutility\videocaptureutility\videoinput-2014-stable\videoinputsrcanddemos\libs\videoinput\videoinput.cpp(1648): warning C4996: 'strncpy': This function or variable may be unsafe. Consider using strncpy_s instead. To disable deprecation, use _CRT_SECURE_NO_WARNINGS. See online help for details.
                 c:\program files (x86)\microsoft visual studio 12.0\vc\include\string.h(195) : see declaration of 'strncpy'
     1>c:\users\riki\documents\github\videocaptureutility\videocaptureutility\videoinput-2014-stable\videoinputsrcanddemos\libs\videoinput\videoinput.cpp(1649): warning C4996: 'strncpy': This function or variable may be unsafe. Consider using strncpy_s instead. To disable deprecation, use _CRT_SECURE_NO_WARNINGS. See online help for details.
                 c:\program files (x86)\microsoft visual studio 12.0\vc\include\string.h(195) : see declaration of 'strncpy'
     1>c:\users\riki\documents\github\videocaptureutility\videocaptureutility\videoinput-2014-stable\videoinputsrcanddemos\libs\videoinput\videoinput.cpp(1650): warning C4996: 'strncpy': This function or variable may be unsafe. Consider using strncpy_s instead. To disable deprecation, use _CRT_SECURE_NO_WARNINGS. See online help for details.
                 c:\program files (x86)\microsoft visual studio 12.0\vc\include\string.h(195) : see declaration of 'strncpy'
     1>c:\users\riki\documents\github\videocaptureutility\videocaptureutility\videoinput-2014-stable\videoinputsrcanddemos\libs\videoinput\videoinput.cpp(1651): warning C4996: 'strncpy': This function or variable may be unsafe. Consider using strncpy_s instead. To disable deprecation, use _CRT_SECURE_NO_WARNINGS. See online help for details.
                 c:\program files (x86)\microsoft visual studio 12.0\vc\include\string.h(195) : see declaration of 'strncpy'
     1>c:\users\riki\documents\github\videocaptureutility\videocaptureutility\videoinput-2014-stable\videoinputsrcanddemos\libs\videoinput\videoinput.cpp(1652): warning C4996: 'strncpy': This function or variable may be unsafe. Consider using strncpy_s instead. To disable deprecation, use _CRT_SECURE_NO_WARNINGS. See online help for details.
                 c:\program files (x86)\microsoft visual studio 12.0\vc\include\string.h(195) : see declaration of 'strncpy'
     1>c:\users\riki\documents\github\videocaptureutility\videocaptureutility\videoinput-2014-stable\videoinputsrcanddemos\libs\videoinput\videoinput.cpp(1653): warning C4996: 'strncpy': This function or variable may be unsafe. Consider using strncpy_s instead. To disable deprecation, use _CRT_SECURE_NO_WARNINGS. See online help for details.
                 c:\program files (x86)\microsoft visual studio 12.0\vc\include\string.h(195) : see declaration of 'strncpy'
     1>c:\users\riki\documents\github\videocaptureutility\videocaptureutility\videoinput-2014-stable\videoinputsrcanddemos\libs\videoinput\videoinput.cpp(1654): warning C4996: 'strncpy': This function or variable may be unsafe. Consider using strncpy_s instead. To disable deprecation, use _CRT_SECURE_NO_WARNINGS. See online help for details.
                 c:\program files (x86)\microsoft visual studio 12.0\vc\include\string.h(195) : see declaration of 'strncpy'
     1>c:\users\riki\documents\github\videocaptureutility\videocaptureutility\videoinput-2014-stable\videoinputsrcanddemos\libs\videoinput\videoinput.cpp(1655): warning C4996: 'strncpy': This function or variable may be unsafe. Consider using strncpy_s instead. To disable deprecation, use _CRT_SECURE_NO_WARNINGS. See online help for details.
                 c:\program files (x86)\microsoft visual studio 12.0\vc\include\string.h(195) : see declaration of 'strncpy'
     1>c:\users\riki\documents\github\videocaptureutility\videocaptureutility\videoinput-2014-stable\videoinputsrcanddemos\libs\videoinput\videoinput.cpp(1656): warning C4996: 'strncpy': This function or variable may be unsafe. Consider using strncpy_s instead. To disable deprecation, use _CRT_SECURE_NO_WARNINGS. See online help for details.
                 c:\program files (x86)\microsoft visual studio 12.0\vc\include\string.h(195) : see declaration of 'strncpy'
     1>c:\users\riki\documents\github\videocaptureutility\videocaptureutility\videoinput-2014-stable\videoinputsrcanddemos\libs\videoinput\videoinput.cpp(1657): warning C4996: 'strncpy': This function or variable may be unsafe. Consider using strncpy_s instead. To disable deprecation, use _CRT_SECURE_NO_WARNINGS. See online help for details.
                 c:\program files (x86)\microsoft visual studio 12.0\vc\include\string.h(195) : see declaration of 'strncpy'
     1>c:\users\riki\documents\github\videocaptureutility\videocaptureutility\videoinput-2014-stable\videoinputsrcanddemos\libs\videoinput\videoinput.cpp(1658): warning C4996: 'strncpy': This function or variable may be unsafe. Consider using strncpy_s instead. To disable deprecation, use _CRT_SECURE_NO_WARNINGS. See online help for details.
                 c:\program files (x86)\microsoft visual studio 12.0\vc\include\string.h(195) : see declaration of 'strncpy'
     1>c:\users\riki\documents\github\videocaptureutility\videocaptureutility\videoinput-2014-stable\videoinputsrcanddemos\libs\videoinput\videoinput.cpp(1659): warning C4996: 'strncpy': This function or variable may be unsafe. Consider using strncpy_s instead. To disable deprecation, use _CRT_SECURE_NO_WARNINGS. See online help for details.
                 c:\program files (x86)\microsoft visual studio 12.0\vc\include\string.h(195) : see declaration of 'strncpy'
     1>c:\users\riki\documents\github\videocaptureutility\videocaptureutility\videoinput-2014-stable\videoinputsrcanddemos\libs\videoinput\videoinput.cpp(1660): warning C4996: 'strncpy': This function or variable may be unsafe. Consider using strncpy_s instead. To disable deprecation, use _CRT_SECURE_NO_WARNINGS. See online help for details.
                 c:\program files (x86)\microsoft visual studio 12.0\vc\include\string.h(195) : see declaration of 'strncpy'
     1>c:\users\riki\documents\github\videocaptureutility\videocaptureutility\videoinput-2014-stable\videoinputsrcanddemos\libs\videoinput\videoinput.cpp(1661): warning C4996: 'strncpy': This function or variable may be unsafe. Consider using strncpy_s instead. To disable deprecation, use _CRT_SECURE_NO_WARNINGS. See online help for details.
                 c:\program files (x86)\microsoft visual studio 12.0\vc\include\string.h(195) : see declaration of 'strncpy'
     1>c:\users\riki\documents\github\videocaptureutility\videocaptureutility\videoinput-2014-stable\videoinputsrcanddemos\libs\videoinput\videoinput.cpp(1662): warning C4996: 'strncpy': This function or variable may be unsafe. Consider using strncpy_s instead. To disable deprecation, use _CRT_SECURE_NO_WARNINGS. See online help for details.
                 c:\program files (x86)\microsoft visual studio 12.0\vc\include\string.h(195) : see declaration of 'strncpy'
     1>c:\users\riki\documents\github\videocaptureutility\videocaptureutility\videoinput-2014-stable\videoinputsrcanddemos\libs\videoinput\videoinput.cpp(1663): warning C4996: 'strncpy': This function or variable may be unsafe. Consider using strncpy_s instead. To disable deprecation, use _CRT_SECURE_NO_WARNINGS. See online help for details.
                 c:\program files (x86)\microsoft visual studio 12.0\vc\include\string.h(195) : see declaration of 'strncpy'
     1>c:\users\riki\documents\github\videocaptureutility\videocaptureutility\videoinput-2014-stable\videoinputsrcanddemos\libs\videoinput\videoinput.cpp(1664): warning C4996: 'strncpy': This function or variable may be unsafe. Consider using strncpy_s instead. To disable deprecation, use _CRT_SECURE_NO_WARNINGS. See online help for details.
                 c:\program files (x86)\microsoft visual studio 12.0\vc\include\string.h(195) : see declaration of 'strncpy'
     1>c:\users\riki\documents\github\videocaptureutility\videocaptureutility\videoinput-2014-stable\videoinputsrcanddemos\libs\videoinput\videoinput.cpp(1665): warning C4996: 'strncpy': This function or variable may be unsafe. Consider using strncpy_s instead. To disable deprecation, use _CRT_SECURE_NO_WARNINGS. See online help for details.
                 c:\program files (x86)\microsoft visual studio 12.0\vc\include\string.h(195) : see declaration of 'strncpy'
     1>c:\users\riki\documents\github\videocaptureutility\videocaptureutility\videoinput-2014-stable\videoinputsrcanddemos\libs\videoinput\videoinput.cpp(1666): warning C4996: 'strncpy': This function or variable may be unsafe. Consider using strncpy_s instead. To disable deprecation, use _CRT_SECURE_NO_WARNINGS. See online help for details.
                 c:\program files (x86)\microsoft visual studio 12.0\vc\include\string.h(195) : see declaration of 'strncpy'
       Lib:
         C:\Program Files (x86)\Microsoft Visual Studio 12.0\VC\bin\Lib.exe /OUT:"C:\Users\riki\Documents\GitHub\VideoCaptureUtility\Debug\videoInputD.lib" ..\libs\DShow\lib\dxguid.lib ..\libs\DShow\lib\ole32.lib ..\libs\DShow\lib\strmiids.lib ..\libs\DShow\lib\uuid.lib /NOLOGO Debug\videoInput.obj
     1>uuid.lib(msp_i.obj) : warning LNK4221: This object file does not define any previously undefined public symbols, so it will not be used by any link operation that consumes this library
     1>uuid.lib(mobsync_i.obj) : warning LNK4221: This object file does not define any previously undefined public symbols, so it will not be used by any link operation that consumes this library
         videoInput.vcxproj -> C:\Users\riki\Documents\GitHub\VideoCaptureUtility\Debug\videoInputD.lib
     1>Done Building Project "C:\Users\riki\Documents\GitHub\VideoCaptureUtility\VideoCaptureUtility\videoInput-2014-Stable\videoInputSrcAndDemos\VS-videoInputcompileAsLib\videoInput.vcxproj" (Rebuild target(s)).

Build succeeded.

Time Elapsed 00:00:01.28
