Build started 9/8/2015 8:56:43 AM.
     1>Project "C:\Users\riki\Documents\GitHub\VideoCaptureUtility\VideoCaptureUtility\videoInput-2014-Stable\videoInputSrcAndDemos\VS-videoInputcompileAsLib\videoInput.vcxproj" on node 2 (Build target(s)).
     1>ClCompile:
         C:\Program Files (x86)\Microsoft Visual Studio 12.0\VC\bin\CL.exe /c /I..\libs\videoInput /Isrc /IrequiredLibs /Zi /nologo /W3 /WX- /O2 /Oy- /D WIN32 /D NDEBUG /D _LIB /D _UNICODE /D UNICODE /Gm- /EHsc /MD /GS /fp:precise /Zc:wchar_t /Zc:forScope /Fo"Release\\" /Fd"Release\vc120.pdb" /Gd /TP /analyze- /errorReport:prompt ..\libs\videoInput\videoInput.cpp
         videoInput.cpp
     1>..\libs\videoInput\videoInput.cpp(363): warning C4244: '=' : conversion from 'WCHAR' to 'char', possible loss of data
     1>..\libs\videoInput\videoInput.cpp(890): warning C4244: '=' : conversion from 'OLECHAR' to 'char', possible loss of data
     1>..\libs\videoInput\videoInput.cpp(1648): warning C4996: 'strncpy': This function or variable may be unsafe. Consider using strncpy_s instead. To disable deprecation, use _CRT_SECURE_NO_WARNINGS. See online help for details.
                 C:\Program Files (x86)\Microsoft Visual Studio 12.0\VC\include\string.h(195) : see declaration of 'strncpy'
     1>..\libs\videoInput\videoInput.cpp(1649): warning C4996: 'strncpy': This function or variable may be unsafe. Consider using strncpy_s instead. To disable deprecation, use _CRT_SECURE_NO_WARNINGS. See online help for details.
                 C:\Program Files (x86)\Microsoft Visual Studio 12.0\VC\include\string.h(195) : see declaration of 'strncpy'
     1>..\libs\videoInput\videoInput.cpp(1650): warning C4996: 'strncpy': This function or variable may be unsafe. Consider using strncpy_s instead. To disable deprecation, use _CRT_SECURE_NO_WARNINGS. See online help for details.
                 C:\Program Files (x86)\Microsoft Visual Studio 12.0\VC\include\string.h(195) : see declaration of 'strncpy'
     1>..\libs\videoInput\videoInput.cpp(1651): warning C4996: 'strncpy': This function or variable may be unsafe. Consider using strncpy_s instead. To disable deprecation, use _CRT_SECURE_NO_WARNINGS. See online help for details.
                 C:\Program Files (x86)\Microsoft Visual Studio 12.0\VC\include\string.h(195) : see declaration of 'strncpy'
     1>..\libs\videoInput\videoInput.cpp(1652): warning C4996: 'strncpy': This function or variable may be unsafe. Consider using strncpy_s instead. To disable deprecation, use _CRT_SECURE_NO_WARNINGS. See online help for details.
                 C:\Program Files (x86)\Microsoft Visual Studio 12.0\VC\include\string.h(195) : see declaration of 'strncpy'
     1>..\libs\videoInput\videoInput.cpp(1653): warning C4996: 'strncpy': This function or variable may be unsafe. Consider using strncpy_s instead. To disable deprecation, use _CRT_SECURE_NO_WARNINGS. See online help for details.
                 C:\Program Files (x86)\Microsoft Visual Studio 12.0\VC\include\string.h(195) : see declaration of 'strncpy'
     1>..\libs\videoInput\videoInput.cpp(1654): warning C4996: 'strncpy': This function or variable may be unsafe. Consider using strncpy_s instead. To disable deprecation, use _CRT_SECURE_NO_WARNINGS. See online help for details.
                 C:\Program Files (x86)\Microsoft Visual Studio 12.0\VC\include\string.h(195) : see declaration of 'strncpy'
     1>..\libs\videoInput\videoInput.cpp(1655): warning C4996: 'strncpy': This function or variable may be unsafe. Consider using strncpy_s instead. To disable deprecation, use _CRT_SECURE_NO_WARNINGS. See online help for details.
                 C:\Program Files (x86)\Microsoft Visual Studio 12.0\VC\include\string.h(195) : see declaration of 'strncpy'
     1>..\libs\videoInput\videoInput.cpp(1656): warning C4996: 'strncpy': This function or variable may be unsafe. Consider using strncpy_s instead. To disable deprecation, use _CRT_SECURE_NO_WARNINGS. See online help for details.
                 C:\Program Files (x86)\Microsoft Visual Studio 12.0\VC\include\string.h(195) : see declaration of 'strncpy'
     1>..\libs\videoInput\videoInput.cpp(1657): warning C4996: 'strncpy': This function or variable may be unsafe. Consider using strncpy_s instead. To disable deprecation, use _CRT_SECURE_NO_WARNINGS. See online help for details.
                 C:\Program Files (x86)\Microsoft Visual Studio 12.0\VC\include\string.h(195) : see declaration of 'strncpy'
     1>..\libs\videoInput\videoInput.cpp(1658): warning C4996: 'strncpy': This function or variable may be unsafe. Consider using strncpy_s instead. To disable deprecation, use _CRT_SECURE_NO_WARNINGS. See online help for details.
                 C:\Program Files (x86)\Microsoft Visual Studio 12.0\VC\include\string.h(195) : see declaration of 'strncpy'
     1>..\libs\videoInput\videoInput.cpp(1659): warning C4996: 'strncpy': This function or variable may be unsafe. Consider using strncpy_s instead. To disable deprecation, use _CRT_SECURE_NO_WARNINGS. See online help for details.
                 C:\Program Files (x86)\Microsoft Visual Studio 12.0\VC\include\string.h(195) : see declaration of 'strncpy'
     1>..\libs\videoInput\videoInput.cpp(1660): warning C4996: 'strncpy': This function or variable may be unsafe. Consider using strncpy_s instead. To disable deprecation, use _CRT_SECURE_NO_WARNINGS. See online help for details.
                 C:\Program Files (x86)\Microsoft Visual Studio 12.0\VC\include\string.h(195) : see declaration of 'strncpy'
     1>..\libs\videoInput\videoInput.cpp(1661): warning C4996: 'strncpy': This function or variable may be unsafe. Consider using strncpy_s instead. To disable deprecation, use _CRT_SECURE_NO_WARNINGS. See online help for details.
                 C:\Program Files (x86)\Microsoft Visual Studio 12.0\VC\include\string.h(195) : see declaration of 'strncpy'
     1>..\libs\videoInput\videoInput.cpp(1662): warning C4996: 'strncpy': This function or variable may be unsafe. Consider using strncpy_s instead. To disable deprecation, use _CRT_SECURE_NO_WARNINGS. See online help for details.
                 C:\Program Files (x86)\Microsoft Visual Studio 12.0\VC\include\string.h(195) : see declaration of 'strncpy'
     1>..\libs\videoInput\videoInput.cpp(1663): warning C4996: 'strncpy': This function or variable may be unsafe. Consider using strncpy_s instead. To disable deprecation, use _CRT_SECURE_NO_WARNINGS. See online help for details.
                 C:\Program Files (x86)\Microsoft Visual Studio 12.0\VC\include\string.h(195) : see declaration of 'strncpy'
     1>..\libs\videoInput\videoInput.cpp(1664): warning C4996: 'strncpy': This function or variable may be unsafe. Consider using strncpy_s instead. To disable deprecation, use _CRT_SECURE_NO_WARNINGS. See online help for details.
                 C:\Program Files (x86)\Microsoft Visual Studio 12.0\VC\include\string.h(195) : see declaration of 'strncpy'
     1>..\libs\videoInput\videoInput.cpp(1665): warning C4996: 'strncpy': This function or variable may be unsafe. Consider using strncpy_s instead. To disable deprecation, use _CRT_SECURE_NO_WARNINGS. See online help for details.
                 C:\Program Files (x86)\Microsoft Visual Studio 12.0\VC\include\string.h(195) : see declaration of 'strncpy'
     1>..\libs\videoInput\videoInput.cpp(1666): warning C4996: 'strncpy': This function or variable may be unsafe. Consider using strncpy_s instead. To disable deprecation, use _CRT_SECURE_NO_WARNINGS. See online help for details.
                 C:\Program Files (x86)\Microsoft Visual Studio 12.0\VC\include\string.h(195) : see declaration of 'strncpy'
       Lib:
         C:\Program Files (x86)\Microsoft Visual Studio 12.0\VC\bin\Lib.exe /OUT:"C:\Users\riki\Documents\GitHub\VideoCaptureUtility\Release\videoInput.lib" ..\libs\DShow\lib\dxguid.lib ..\libs\DShow\lib\ole32.lib ..\libs\DShow\lib\strmiids.lib ..\libs\DShow\lib\uuid.lib /NOLOGO /LTCG Release\videoInput.obj
         videoInput.vcxproj -> C:\Users\riki\Documents\GitHub\VideoCaptureUtility\Release\videoInput.lib
     1>Done Building Project "C:\Users\riki\Documents\GitHub\VideoCaptureUtility\VideoCaptureUtility\videoInput-2014-Stable\videoInputSrcAndDemos\VS-videoInputcompileAsLib\videoInput.vcxproj" (Build target(s)).

Build succeeded.

Time Elapsed 00:00:00.89
